<?xml version="1.0" encoding="UTF-8"?>
<testng-results ignored="0" total="1" passed="1" failed="0" skipped="0">
  <reporter-output>
  </reporter-output>
  <suite started-at="2023-07-10T22:08:59 CST" name="Default suite" finished-at="2023-07-10T22:09:08 CST" duration-ms="8464">
    <groups>
    </groups>
    <test started-at="2023-07-10T22:08:59 CST" name="Default test" finished-at="2023-07-10T22:09:08 CST" duration-ms="8464">
      <class name="variousConcepts.LoginTest">
        <test-method is-config="true" signature="readConfig()[pri:0, instance:variousConcepts.LoginTest@15bb5034]" started-at="2023-07-10T22:08:59 CST" name="readConfig" finished-at="2023-07-10T22:08:59 CST" duration-ms="16" status="PASS">
          <reporter-output>
          </reporter-output>
        </test-method> <!-- readConfig -->
        <test-method is-config="true" signature="init()[pri:0, instance:variousConcepts.LoginTest@15bb5034]" started-at="2023-07-10T22:09:00 CST" name="init" finished-at="2023-07-10T22:09:03 CST" duration-ms="3756" status="PASS">
          <reporter-output>
          </reporter-output>
        </test-method> <!-- init -->
        <test-method signature="addCustomer()[pri:0, instance:variousConcepts.LoginTest@15bb5034]" started-at="2023-07-10T22:09:03 CST" name="addCustomer" finished-at="2023-07-10T22:09:08 CST" duration-ms="4637" status="PASS">
          <reporter-output>
          </reporter-output>
        </test-method> <!-- addCustomer -->
      </class> <!-- variousConcepts.LoginTest -->
    </test> <!-- Default test -->
  </suite> <!-- Default suite -->
</testng-results>
